{"contracts/Sparkle.sol":{"l":{"53":0,"54":0,"57":0,"58":0,"60":0,"67":0,"68":0,"71":0,"78":5,"79":5,"81":5,"88":5,"89":5,"91":5,"99":0,"100":0,"126":2,"135":15,"152":9,"161":2,"162":1,"175":2,"177":2,"179":2,"196":2,"198":2,"199":2,"200":1,"219":1,"221":1,"224":1,"243":1,"245":1,"248":1,"258":4,"259":2,"261":2,"262":2,"274":1,"275":1,"276":1,"287":0,"288":0,"290":0,"291":0,"303":0,"307":0,"309":0,"327":1,"328":1,"329":1,"336":2,"343":2,"350":2,"374":1,"382":9,"389":4,"390":2,"397":6,"408":1,"416":1,"424":1,"426":1,"468":1},"path":"/home/abhi_21094/Projects/sparkleAudit/contracts/Sparkle.sol","s":{"1":0,"2":0,"3":0,"4":0,"5":0,"6":0,"7":0,"8":0,"9":5,"10":5,"11":5,"12":5,"13":5,"14":5,"15":0,"16":0,"17":2,"18":15,"19":9,"20":2,"21":1,"22":2,"23":2,"24":2,"25":2,"26":2,"27":2,"28":2,"29":1,"30":1,"31":1,"32":1,"33":1,"34":1,"35":1,"36":1,"37":1,"38":4,"39":2,"40":2,"41":2,"42":2,"43":1,"44":1,"45":1,"46":1,"47":0,"48":0,"49":0,"50":0,"51":0,"52":0,"53":0,"54":0,"55":1,"56":1,"57":1,"58":2,"59":2,"60":2,"61":1,"62":1,"63":9,"64":4,"65":6,"66":1,"67":1,"68":1,"69":1,"70":1,"71":1,"72":1},"b":{"1":[0,0],"2":[0,0],"3":[0,0],"4":[5,0],"5":[5,0],"6":[0,0],"7":[2,0],"8":[2,0],"9":[1,0],"10":[1,0],"11":[2,2],"12":[2,0],"13":[1,0],"14":[0,0],"15":[0,0],"16":[0,0],"17":[2,2],"18":[1,0]},"f":{"1":0,"2":0,"3":5,"4":5,"5":0,"6":2,"7":15,"8":9,"9":2,"10":2,"11":2,"12":1,"13":1,"14":4,"15":1,"16":0,"17":0,"18":1,"19":2,"20":2,"21":2,"22":1,"23":9,"24":4,"25":6,"26":1,"27":1,"28":1,"29":1},"fnMap":{"1":{"name":"mul","line":49,"loc":{"start":{"line":49,"column":2},"end":{"line":49,"column":68}}},"2":{"name":"div","line":66,"loc":{"start":{"line":66,"column":2},"end":{"line":66,"column":68}}},"3":{"name":"sub","line":77,"loc":{"start":{"line":77,"column":2},"end":{"line":77,"column":68}}},"4":{"name":"add","line":87,"loc":{"start":{"line":87,"column":2},"end":{"line":87,"column":68}}},"5":{"name":"mod","line":98,"loc":{"start":{"line":98,"column":2},"end":{"line":98,"column":68}}},"6":{"name":"totalSupply","line":125,"loc":{"start":{"line":125,"column":2},"end":{"line":125,"column":54}}},"7":{"name":"balanceOf","line":134,"loc":{"start":{"line":134,"column":2},"end":{"line":134,"column":65}}},"8":{"name":"allowance","line":144,"loc":{"start":{"line":144,"column":2},"end":{"line":151,"column":3}}},"9":{"name":"transfer","line":160,"loc":{"start":{"line":160,"column":2},"end":{"line":160,"column":68}}},"10":{"name":"approve","line":174,"loc":{"start":{"line":174,"column":2},"end":{"line":174,"column":72}}},"11":{"name":"transferFrom","line":188,"loc":{"start":{"line":188,"column":2},"end":{"line":195,"column":3}}},"12":{"name":"increaseAllowance","line":212,"loc":{"start":{"line":212,"column":2},"end":{"line":218,"column":3}}},"13":{"name":"decreaseAllowance","line":236,"loc":{"start":{"line":236,"column":2},"end":{"line":242,"column":3}}},"14":{"name":"_transfer","line":257,"loc":{"start":{"line":257,"column":2},"end":{"line":257,"column":70}}},"15":{"name":"_mint","line":273,"loc":{"start":{"line":273,"column":2},"end":{"line":273,"column":57}}},"16":{"name":"_burn","line":286,"loc":{"start":{"line":286,"column":2},"end":{"line":286,"column":57}}},"17":{"name":"_burnFrom","line":302,"loc":{"start":{"line":302,"column":2},"end":{"line":302,"column":61}}},"18":{"name":"ERC20Detailed","line":326,"loc":{"start":{"line":326,"column":2},"end":{"line":326,"column":75}}},"19":{"name":"name","line":335,"loc":{"start":{"line":335,"column":2},"end":{"line":335,"column":45}}},"20":{"name":"symbol","line":342,"loc":{"start":{"line":342,"column":2},"end":{"line":342,"column":47}}},"21":{"name":"decimals","line":349,"loc":{"start":{"line":349,"column":2},"end":{"line":349,"column":48}}},"22":{"name":"Ownable","line":373,"loc":{"start":{"line":373,"column":2},"end":{"line":373,"column":29}}},"23":{"name":"owner","line":381,"loc":{"start":{"line":381,"column":2},"end":{"line":381,"column":47}}},"24":{"name":"onlyOwner","line":388,"loc":{"start":{"line":388,"column":2},"end":{"line":388,"column":22}}},"25":{"name":"isOwner","line":396,"loc":{"start":{"line":396,"column":2},"end":{"line":396,"column":46}}},"26":{"name":"renounceOwnership","line":406,"loc":{"start":{"line":406,"column":2},"end":{"line":406,"column":47}}},"27":{"name":"transferOwnership","line":415,"loc":{"start":{"line":415,"column":2},"end":{"line":415,"column":63}}},"28":{"name":"_transferOwnership","line":423,"loc":{"start":{"line":423,"column":2},"end":{"line":423,"column":56}}},"29":{"name":"Sparkle","line":460,"loc":{"start":{"line":460,"column":1},"end":{"line":464,"column":9}}}},"statementMap":{"1":{"start":{"line":53,"column":4},"end":{"line":53,"column":1378}},"2":{"start":{"line":54,"column":6},"end":{"line":54,"column":14}},"3":{"start":{"line":57,"column":4},"end":{"line":57,"column":20}},"4":{"start":{"line":58,"column":4},"end":{"line":58,"column":22}},"5":{"start":{"line":60,"column":4},"end":{"line":60,"column":12}},"6":{"start":{"line":67,"column":4},"end":{"line":67,"column":17}},"7":{"start":{"line":68,"column":4},"end":{"line":68,"column":20}},"8":{"start":{"line":71,"column":4},"end":{"line":71,"column":12}},"9":{"start":{"line":78,"column":4},"end":{"line":78,"column":18}},"10":{"start":{"line":79,"column":4},"end":{"line":79,"column":20}},"11":{"start":{"line":81,"column":4},"end":{"line":81,"column":12}},"12":{"start":{"line":88,"column":4},"end":{"line":88,"column":20}},"13":{"start":{"line":89,"column":4},"end":{"line":89,"column":18}},"14":{"start":{"line":91,"column":4},"end":{"line":91,"column":12}},"15":{"start":{"line":99,"column":4},"end":{"line":99,"column":18}},"16":{"start":{"line":100,"column":4},"end":{"line":100,"column":16}},"17":{"start":{"line":126,"column":4},"end":{"line":126,"column":23}},"18":{"start":{"line":135,"column":4},"end":{"line":135,"column":27}},"19":{"start":{"line":152,"column":4},"end":{"line":152,"column":35}},"20":{"start":{"line":161,"column":4},"end":{"line":161,"column":35}},"21":{"start":{"line":162,"column":4},"end":{"line":162,"column":15}},"22":{"start":{"line":175,"column":4},"end":{"line":175,"column":33}},"23":{"start":{"line":177,"column":4},"end":{"line":177,"column":40}},"24":{"start":{"line":178,"column":9},"end":{"line":178,"column":44}},"25":{"start":{"line":179,"column":4},"end":{"line":179,"column":15}},"26":{"start":{"line":196,"column":4},"end":{"line":196,"column":47}},"27":{"start":{"line":198,"column":4},"end":{"line":198,"column":69}},"28":{"start":{"line":199,"column":4},"end":{"line":199,"column":29}},"29":{"start":{"line":200,"column":4},"end":{"line":200,"column":15}},"30":{"start":{"line":219,"column":4},"end":{"line":219,"column":33}},"31":{"start":{"line":221,"column":4},"end":{"line":221,"column":6335}},"32":{"start":{"line":223,"column":9},"end":{"line":223,"column":68}},"33":{"start":{"line":224,"column":4},"end":{"line":224,"column":15}},"34":{"start":{"line":243,"column":4},"end":{"line":243,"column":33}},"35":{"start":{"line":245,"column":4},"end":{"line":245,"column":7131}},"36":{"start":{"line":247,"column":9},"end":{"line":247,"column":68}},"37":{"start":{"line":248,"column":4},"end":{"line":248,"column":15}},"38":{"start":{"line":258,"column":4},"end":{"line":258,"column":36}},"39":{"start":{"line":259,"column":4},"end":{"line":259,"column":28}},"40":{"start":{"line":261,"column":4},"end":{"line":261,"column":47}},"41":{"start":{"line":262,"column":4},"end":{"line":262,"column":43}},"42":{"start":{"line":263,"column":9},"end":{"line":263,"column":33}},"43":{"start":{"line":274,"column":4},"end":{"line":274,"column":24}},"44":{"start":{"line":275,"column":4},"end":{"line":275,"column":41}},"45":{"start":{"line":276,"column":4},"end":{"line":276,"column":53}},"46":{"start":{"line":277,"column":9},"end":{"line":277,"column":44}},"47":{"start":{"line":287,"column":4},"end":{"line":287,"column":24}},"48":{"start":{"line":288,"column":4},"end":{"line":288,"column":39}},"49":{"start":{"line":290,"column":4},"end":{"line":290,"column":41}},"50":{"start":{"line":291,"column":4},"end":{"line":291,"column":53}},"51":{"start":{"line":292,"column":9},"end":{"line":292,"column":44}},"52":{"start":{"line":303,"column":4},"end":{"line":303,"column":50}},"53":{"start":{"line":307,"column":4},"end":{"line":307,"column":9384}},"54":{"start":{"line":309,"column":4},"end":{"line":309,"column":24}},"55":{"start":{"line":327,"column":4},"end":{"line":327,"column":15}},"56":{"start":{"line":328,"column":4},"end":{"line":328,"column":19}},"57":{"start":{"line":329,"column":4},"end":{"line":329,"column":23}},"58":{"start":{"line":336,"column":4},"end":{"line":336,"column":16}},"59":{"start":{"line":343,"column":4},"end":{"line":343,"column":18}},"60":{"start":{"line":350,"column":4},"end":{"line":350,"column":20}},"61":{"start":{"line":374,"column":4},"end":{"line":374,"column":22}},"62":{"start":{"line":375,"column":9},"end":{"line":375,"column":48}},"63":{"start":{"line":382,"column":4},"end":{"line":382,"column":17}},"64":{"start":{"line":389,"column":4},"end":{"line":389,"column":21}},"65":{"start":{"line":397,"column":4},"end":{"line":397,"column":31}},"66":{"start":{"line":407,"column":9},"end":{"line":407,"column":48}},"67":{"start":{"line":408,"column":4},"end":{"line":408,"column":22}},"68":{"start":{"line":416,"column":4},"end":{"line":416,"column":31}},"69":{"start":{"line":424,"column":4},"end":{"line":424,"column":34}},"70":{"start":{"line":425,"column":9},"end":{"line":425,"column":46}},"71":{"start":{"line":426,"column":4},"end":{"line":426,"column":20}},"72":{"start":{"line":468,"column":2},"end":{"line":468,"column":32}}},"branchMap":{"1":{"line":53,"type":"if","locations":[{"start":{"line":53,"column":4},"end":{"line":53,"column":4}},{"start":{"line":53,"column":4},"end":{"line":53,"column":4}}]},"2":{"line":58,"type":"if","locations":[{"start":{"line":58,"column":4},"end":{"line":58,"column":4}},{"start":{"line":58,"column":4},"end":{"line":58,"column":4}}]},"3":{"line":67,"type":"if","locations":[{"start":{"line":67,"column":4},"end":{"line":67,"column":4}},{"start":{"line":67,"column":4},"end":{"line":67,"column":4}}]},"4":{"line":78,"type":"if","locations":[{"start":{"line":78,"column":4},"end":{"line":78,"column":4}},{"start":{"line":78,"column":4},"end":{"line":78,"column":4}}]},"5":{"line":89,"type":"if","locations":[{"start":{"line":89,"column":4},"end":{"line":89,"column":4}},{"start":{"line":89,"column":4},"end":{"line":89,"column":4}}]},"6":{"line":99,"type":"if","locations":[{"start":{"line":99,"column":4},"end":{"line":99,"column":4}},{"start":{"line":99,"column":4},"end":{"line":99,"column":4}}]},"7":{"line":175,"type":"if","locations":[{"start":{"line":175,"column":4},"end":{"line":175,"column":4}},{"start":{"line":175,"column":4},"end":{"line":175,"column":4}}]},"8":{"line":196,"type":"if","locations":[{"start":{"line":196,"column":4},"end":{"line":196,"column":4}},{"start":{"line":196,"column":4},"end":{"line":196,"column":4}}]},"9":{"line":219,"type":"if","locations":[{"start":{"line":219,"column":4},"end":{"line":219,"column":4}},{"start":{"line":219,"column":4},"end":{"line":219,"column":4}}]},"10":{"line":243,"type":"if","locations":[{"start":{"line":243,"column":4},"end":{"line":243,"column":4}},{"start":{"line":243,"column":4},"end":{"line":243,"column":4}}]},"11":{"line":258,"type":"if","locations":[{"start":{"line":258,"column":4},"end":{"line":258,"column":4}},{"start":{"line":258,"column":4},"end":{"line":258,"column":4}}]},"12":{"line":259,"type":"if","locations":[{"start":{"line":259,"column":4},"end":{"line":259,"column":4}},{"start":{"line":259,"column":4},"end":{"line":259,"column":4}}]},"13":{"line":274,"type":"if","locations":[{"start":{"line":274,"column":4},"end":{"line":274,"column":4}},{"start":{"line":274,"column":4},"end":{"line":274,"column":4}}]},"14":{"line":287,"type":"if","locations":[{"start":{"line":287,"column":4},"end":{"line":287,"column":4}},{"start":{"line":287,"column":4},"end":{"line":287,"column":4}}]},"15":{"line":288,"type":"if","locations":[{"start":{"line":288,"column":4},"end":{"line":288,"column":4}},{"start":{"line":288,"column":4},"end":{"line":288,"column":4}}]},"16":{"line":303,"type":"if","locations":[{"start":{"line":303,"column":4},"end":{"line":303,"column":4}},{"start":{"line":303,"column":4},"end":{"line":303,"column":4}}]},"17":{"line":389,"type":"if","locations":[{"start":{"line":389,"column":4},"end":{"line":389,"column":4}},{"start":{"line":389,"column":4},"end":{"line":389,"column":4}}]},"18":{"line":424,"type":"if","locations":[{"start":{"line":424,"column":4},"end":{"line":424,"column":4}},{"start":{"line":424,"column":4},"end":{"line":424,"column":4}}]}}}}