TN:
SF:/home/abhi_21094/Projects/sparkleAudit/contracts/Sparkle.sol
FN:49,mul
FN:66,div
FN:77,sub
FN:87,add
FN:98,mod
FN:125,totalSupply
FN:134,balanceOf
FN:144,allowance
FN:160,transfer
FN:174,approve
FN:188,transferFrom
FN:212,increaseAllowance
FN:236,decreaseAllowance
FN:257,_transfer
FN:273,_mint
FN:286,_burn
FN:302,_burnFrom
FN:326,ERC20Detailed
FN:335,name
FN:342,symbol
FN:349,decimals
FN:373,Ownable
FN:381,owner
FN:388,onlyOwner
FN:396,isOwner
FN:406,renounceOwnership
FN:415,transferOwnership
FN:423,_transferOwnership
FN:460,Sparkle
FNF:29
FNH:24
FNDA:0,mul
FNDA:0,div
FNDA:5,sub
FNDA:5,add
FNDA:0,mod
FNDA:2,totalSupply
FNDA:15,balanceOf
FNDA:9,allowance
FNDA:2,transfer
FNDA:2,approve
FNDA:2,transferFrom
FNDA:1,increaseAllowance
FNDA:1,decreaseAllowance
FNDA:4,_transfer
FNDA:1,_mint
FNDA:0,_burn
FNDA:0,_burnFrom
FNDA:1,ERC20Detailed
FNDA:2,name
FNDA:2,symbol
FNDA:2,decimals
FNDA:1,Ownable
FNDA:9,owner
FNDA:4,onlyOwner
FNDA:6,isOwner
FNDA:1,renounceOwnership
FNDA:1,transferOwnership
FNDA:1,_transferOwnership
FNDA:1,Sparkle
DA:53,0
DA:54,0
DA:57,0
DA:58,0
DA:60,0
DA:67,0
DA:68,0
DA:71,0
DA:78,5
DA:79,5
DA:81,5
DA:88,5
DA:89,5
DA:91,5
DA:99,0
DA:100,0
DA:126,2
DA:135,15
DA:152,9
DA:161,2
DA:162,1
DA:175,2
DA:177,2
DA:179,2
DA:196,2
DA:198,2
DA:199,2
DA:200,1
DA:219,1
DA:221,1
DA:224,1
DA:243,1
DA:245,1
DA:248,1
DA:258,4
DA:259,2
DA:261,2
DA:262,2
DA:274,1
DA:275,1
DA:276,1
DA:287,0
DA:288,0
DA:290,0
DA:291,0
DA:303,0
DA:307,0
DA:309,0
DA:327,1
DA:328,1
DA:329,1
DA:336,2
DA:343,2
DA:350,2
DA:374,1
DA:382,9
DA:389,4
DA:390,2
DA:397,6
DA:408,1
DA:416,1
DA:424,1
DA:426,1
DA:468,1
LF:64
LH:47
BRDA:53,1,0,0
BRDA:53,1,1,0
BRDA:58,2,0,0
BRDA:58,2,1,0
BRDA:67,3,0,0
BRDA:67,3,1,0
BRDA:78,4,0,5
BRDA:78,4,1,0
BRDA:89,5,0,5
BRDA:89,5,1,0
BRDA:99,6,0,0
BRDA:99,6,1,0
BRDA:175,7,0,2
BRDA:175,7,1,0
BRDA:196,8,0,2
BRDA:196,8,1,0
BRDA:219,9,0,1
BRDA:219,9,1,0
BRDA:243,10,0,1
BRDA:243,10,1,0
BRDA:258,11,0,2
BRDA:258,11,1,2
BRDA:259,12,0,2
BRDA:259,12,1,0
BRDA:274,13,0,1
BRDA:274,13,1,0
BRDA:287,14,0,0
BRDA:287,14,1,0
BRDA:288,15,0,0
BRDA:288,15,1,0
BRDA:303,16,0,0
BRDA:303,16,1,0
BRDA:389,17,0,2
BRDA:389,17,1,2
BRDA:424,18,0,1
BRDA:424,18,1,0
BRF:36
BRH:13
end_of_record
